mode: set
github.com/nodias/go_begin/book/net/data.go:21.46,26.2 1 1
github.com/nodias/go_begin/book/net/data.go:33.57,35.13 2 1
github.com/nodias/go_begin/book/net/data.go:38.2,38.15 1 1
github.com/nodias/go_begin/book/net/data.go:35.13,37.3 1 1
github.com/nodias/go_begin/book/net/data.go:41.57,42.39 1 1
github.com/nodias/go_begin/book/net/data.go:45.2,46.12 2 1
github.com/nodias/go_begin/book/net/data.go:42.39,44.3 1 1
github.com/nodias/go_begin/book/net/data.go:49.57,54.2 4 1
github.com/nodias/go_begin/book/net/data.go:56.47,57.39 1 1
github.com/nodias/go_begin/book/net/data.go:60.2,61.12 2 1
github.com/nodias/go_begin/book/net/data.go:57.39,59.3 1 1
