mode: set
github.com/nodias/go_begin/book/structPrac/task.go:16.47,17.11 1 1
github.com/nodias/go_begin/book/structPrac/task.go:18.15,19.32 1 0
github.com/nodias/go_begin/book/structPrac/task.go:20.12,21.29 1 1
github.com/nodias/go_begin/book/structPrac/task.go:22.12,23.29 1 0
github.com/nodias/go_begin/book/structPrac/task.go:24.10,25.62 1 0
github.com/nodias/go_begin/book/structPrac/task.go:29.51,30.22 1 0
github.com/nodias/go_begin/book/structPrac/task.go:40.2,40.12 1 0
github.com/nodias/go_begin/book/structPrac/task.go:31.17,32.15 1 0
github.com/nodias/go_begin/book/structPrac/task.go:33.14,34.12 1 0
github.com/nodias/go_begin/book/structPrac/task.go:35.14,36.12 1 0
github.com/nodias/go_begin/book/structPrac/task.go:37.10,38.59 1 0
github.com/nodias/go_begin/book/structPrac/task.go:45.49,47.2 1 0
github.com/nodias/go_begin/book/structPrac/task.go:49.53,51.2 1 0
github.com/nodias/go_begin/book/structPrac/task.go:60.25,62.2 0 0
